<?xml version="1.0" encoding="UTF-8"?>
<beans xmlns="http://www.springframework.org/schema/beans"
       xmlns:xsi="http://www.w3.org/2001/XMLSchema-instance"
       xmlns:context="http://www.springframework.org/schema/context"
       xmlns:jdbc="http://www.springframework.org/schema/jdbc"
       xmlns:tx="http://www.springframework.org/schema/tx"
       xmlns:jpa="http://www.springframework.org/schema/data/jpa"
       xsi:schemaLocation="http://www.springframework.org/schema/beans
        http://www.springframework.org/schema/beans/spring-beans-3.0.xsd
        http://www.springframework.org/schema/context
        http://www.springframework.org/schema/context/spring-context-3.0.xsd
        http://www.springframework.org/schema/jdbc
        http://www.springframework.org/schema/jdbc/spring-jdbc-3.0.xsd
        http://www.springframework.org/schema/tx http://www.springframework.org/schema/tx/spring-tx.xsd http://www.springframework.org/schema/data/jpa http://www.springframework.org/schema/data/jpa/spring-jpa.xsd">

    <context:property-placeholder location="classpath:jdbc-test.properties"/>
    <import resource="classpath:dao-test.xml"/>

    <!--Включаем разбор JSON при вытаскивании данных из БД-->
    <bean id="nodeStateReader" class="by.imix.cms.nodedata.NodeStateReaderJSON"/>
    <bean id="nodeStateReaderService" class="by.imix.cms.nodedata.NodeStateReaderService">
        <property name="nodeStateReader" ref="nodeStateReader"/>
    </bean>

    <bean id="user3150" class="by.imix.cms.nodedata.NodeImpl"><property name="id" value="2"/></bean>

    <bean id="stSh" class="by.imix.cms.nodedata.state.StateCreateDefault">
        <property name="description" value="Пользователь видит"/>
        <property name="id" value="1"/>
    </bean>

    <bean id="stCorr" class="by.imix.cms.nodedata.state.StateCreateDefault">
        <property name="description" value="Пользователь может редактировать"/>
        <property name="id" value="2"/>
    </bean>

    <bean id="stRem" class="by.imix.cms.nodedata.state.StateCreateDefault">
        <property name="description" value="Пользователь может удалять"/>
        <property name="id" value="3"/>
    </bean>

    <bean id="stHyst" class="by.imix.cms.nodedata.state.StateCreateDefault">
        <property name="description" value="Пользователь может читать историю"/>
        <property name="id" value="4"/>
    </bean>

    <bean id="ruleCreateNode" class="by.imix.cms.nodedata.rules.Rule">
        <property name="discription" value="Правило для создания случайного нода"/>
        <property name="ruleFlags">
            <bean class="by.imix.cms.nodedata.rules.RuleFlags">
                <property name="add">
                    <list>
                        <bean class="by.imix.cms.nodedata.NodeState">
                            <constructor-arg name="state" ref="stSh"/>
                            <constructor-arg name="node" ref="user3150"/>
                        </bean>
                        <bean class="by.imix.cms.nodedata.NodeState">
                            <constructor-arg name="state" ref="stCorr"/>
                            <constructor-arg name="node" ref="user3150"/>
                        </bean>
                        <bean class="by.imix.cms.nodedata.NodeState">
                            <constructor-arg name="state" ref="stRem"/>
                            <constructor-arg name="node" ref="user3150"/>
                        </bean>
                    </list>
                </property>
                <property name="rem">
                    <list></list>
                </property>
            </bean>
        </property>
    </bean>

    <bean id="ruleEditNode" class="by.imix.cms.nodedata.rules.Rule">
        <property name="discription" value="Правило для создания случайного нода"/>
        <property name="ruleFlags">
            <bean class="by.imix.cms.nodedata.rules.RuleFlags">
                <property name="add">
                    <list>
                        <bean class="by.imix.cms.nodedata.NodeState">
                            <constructor-arg name="state" ref="stHyst"/>
                            <constructor-arg name="node" ref="user3150"/>
                        </bean>
                    </list>
                </property>
                <property name="rem">
                    <list>
                        <bean class="by.imix.cms.nodedata.NodeState">
                            <constructor-arg name="state" ref="stCorr"/>
                            <constructor-arg name="node" ref="user3150"/>
                        </bean>
                    </list>
                </property>
            </bean>
        </property>
    </bean>

</beans>